__main
llvm.global_ctors
llvm.global_dtors

__llvm_eh_has_uncaught_exception
__llvm_eh_current_uncaught_exception_type
__llvm_eh_add_uncaught_exception
__llvm_eh_get_uncaught_exception
__llvm_eh_pop_from_uncaught_stack

__llvm_cxxeh_allocate_exception
__llvm_cxxeh_free_exception
__llvm_cxxeh_throw
__llvm_cxxeh_call_terminate
__llvm_cxxeh_current_uncaught_exception_isa
__llvm_cxxeh_begin_catch
__llvm_cxxeh_begin_catch_if_isa
__llvm_cxxeh_end_catch
__llvm_cxxeh_rethrow
__llvm_cxxeh_get_last_caught
__llvm_cxxeh_check_eh_spec

__llvm_sjljeh_throw_longjmp
__llvm_sjljeh_init_setjmpmap
__llvm_sjljeh_destroy_setjmpmap
__llvm_sjljeh_add_setjmp_to_map
__llvm_sjljeh_is_longjmp_exception
__llvm_sjljeh_get_longjmp_value
__llvm_sjljeh_try_catching_longjmp_exception
